<?xml version="1.0" encoding="UTF-8"?>
<testsuite name="testModel" tests="3" skipped="0" failures="0" errors="0" timestamp="2017-03-28T08:15:51" hostname="DESKTOP-S92S3Q7" time="0.016">
  <properties/>
  <testcase name="testAddUser" classname="testModel" time="0.0"/>
  <testcase name="testAppartments" classname="testModel" time="0.016"/>
  <testcase name="testOwnerUser" classname="testModel" time="0.0"/>
  <system-out><![CDATA[3
]]></system-out>
  <system-err><![CDATA[]]></system-err>
</testsuite>
